Method: GET, URL: /, Time: 1779269700335
Method: GET, URL: /api/users, Time: 1779269736463
Method: GET, URL: /api/users, Time: 1779270053638
Method: GET, URL: /api/users, Time: 1779270475767
Method: GET, URL: /api/users, Time: 1779270477891
Method: POST, URL: /api/auth/login, Time: 1779270691239
Method: GET, URL: /api/users, Time: 1779270716572
Method: GET, URL: /api/users, Time: 1779270792369
Method: GET, URL: /api/users, Time: 1779270833026
Method: GET, URL: /api/users, Time: 1779270935226
Method: GET, URL: /api/users, Time: 1779270943826
Method: GET, URL: /api/users, Time: 1779270955335
Method: GET, URL: /api/users, Time: 1779270965315
Method: GET, URL: /api/users, Time: 1779270969114
Method: GET, URL: /api/users, Time: 1779270974453
Method: GET, URL: /api/users, Time: 1779270979346
Method: GET, URL: /api/users, Time: 1779270983264
Method: GET, URL: /api/users, Time: 1779270986775
Method: GET, URL: /api/users, Time: 1779275058441
Method: GET, URL: /api/users, Time: 1779275102002
Method: POST, URL: /api/auth/login, Time: 1779275120502
Method: GET, URL: /api/users, Time: 1779275135353
Method: GET, URL: /api/users, Time: 1779275427035
Method: GET, URL: /api/users, Time: 1779275430612
Method: POST, URL: /api/auth/login, Time: 1779275436850
Method: GET, URL: /api/users, Time: 1779275445331
Method: GET, URL: /api/users, Time: 1779275525979
Method: GET, URL: /api/users, Time: 1779275607797
Method: GET, URL: /api/users, Time: 1779275620782
Method: GET, URL: /api/users, Time: 1779275645339
Method: GET, URL: /api/users, Time: 1779275719222
Method: GET, URL: /api/users, Time: 1779275745971
Method: POST, URL: /api/users, Time: 1779275921703
Method: POST, URL: /api/profile, Time: 1779275980711
Method: POST, URL: /api/profile, Time: 1779275985564
Method: GET, URL: /api/users, Time: 1779276033036
Method: POST, URL: /api/auth/login, Time: 1779276055324
Method: POST, URL: /api/auth/login, Time: 1779276115848
Method: GET, URL: /api/users, Time: 1779276126097
Method: GET, URL: /api/users, Time: 1779276129630
Method: GET, URL: /api/users, Time: 1779276162036
Method: GET, URL: /api/users, Time: 1779276635215
Method: POST, URL: /api/auth/login, Time: 1779276870379
Method: GET, URL: /api/users, Time: 1779276881033
Method: GET, URL: /api/users, Time: 1779276896999
Method: GET, URL: /api/users, Time: 1779277001334
Method: POST, URL: /api/users, Time: 1779279178813
Method: POST, URL: /api/users, Time: 1779279312160
Method: POST, URL: /api/users, Time: 1779279333674
Method: POST, URL: /api/users, Time: 1779279419369
Method: POST, URL: /api/users, Time: 1779279428480
Method: POST, URL: /api/users, Time: 1779279586246
Method: POST, URL: /api/users, Time: 1779280512750
Method: POST, URL: /api/users, Time: 1779280518732
Method: POST, URL: /api/users, Time: 1779280658435
Method: GET, URL: /favicon.ico, Time: 1779280667018
Method: POST, URL: /api/users, Time: 1779280959386
Method: POST, URL: /api/users, Time: 1779280963501
Method: GET, URL: /api/users, Time: 1779281146419
Method: POST, URL: /api/auth/login, Time: 1779281252184
Method: GET, URL: /api/users, Time: 1779281266889
Method: GET, URL: /api/users, Time: 1779281280899
Method: POST, URL: /api/auth/login, Time: 1779281326097
Method: POST, URL: /api/auth/login, Time: 1779281353138
Method: GET, URL: /api/users, Time: 1779281365263
Method: GET, URL: /api/users, Time: 1779282015775
Method: POST, URL: /api/auth/login, Time: 1779282034245
Method: GET, URL: /api/users, Time: 1779282045855
Method: GET, URL: /api/users, Time: 1779282131861
Method: GET, URL: /api/users, Time: 1779282152043
Method: GET, URL: /api/users, Time: 1779282809983
Method: POST, URL: /api/auth/login, Time: 1779282824596
Method: GET, URL: /api/users, Time: 1779282833612
Method: GET, URL: /api/users, Time: 1779283103512
Method: GET, URL: /api/users, Time: 1779283515741
Method: GET, URL: /api/users, Time: 1779283517190
Method: POST, URL: /api/auth/login, Time: 1779284969245
Method: POST, URL: /api/auth/login, Time: 1779285534013
Method: POST, URL: /api/auth/login, Time: 1779285548899
Method: POST, URL: /api/auth/refresh-token, Time: 1779285596237
Method: POST, URL: /api/auth/login, Time: 1779441157216
Method: POST, URL: /api/auth/refresh-token, Time: 1779441407548
Method: POST, URL: /api/auth/refresh-token, Time: 1779442254022
Method: POST, URL: /api/auth/login, Time: 1779442393336
Method: POST, URL: /api/auth/refresh-token, Time: 1779442397091
Method: GET, URL: /api/users, Time: 1779442827026
Method: GET, URL: /api/users, Time: 1779442830199
Method: GET, URL: /api/users, Time: 1779442963047
Method: POST, URL: /api/users, Time: 1779442966831
Method: POST, URL: /api/profile, Time: 1779442971120
Method: POST, URL: /api/auth/login, Time: 1779442974376
Method: POST, URL: /api/auth/refresh-token, Time: 1779442977078
